------------------------------------------------------------------------------------------------------------------------

[2024-04-24 08:23:22 #1 store] 
Database 'C:\Users\ik_1DW3A\eclipse-workspace\reto3\db\reto26.odb' is opened by 6448@HZ399412

[2024-04-24 08:23:22 #2 store] 
Configuration path: ?

[2024-04-24 08:23:22 #3 type] 
Type definicion.Usuario is not enhanced.

------------------------------------------------------------------------------------------------------------------------

[2024-04-24 08:28:32 #1 store] 
Database 'C:\Users\ik_1DW3A\eclipse-workspace\reto3\db\reto26.odb' is opened by 5972@HZ399412

[2024-04-24 08:28:32 #2 store] 
Configuration path: ?

[2024-04-24 08:28:32 #3 type] 
Type definicion.Usuario is not enhanced.

------------------------------------------------------------------------------------------------------------------------

[2024-04-24 08:28:42 #1 store] 
Database 'C:\Users\ik_1DW3A\eclipse-workspace\reto3\db\reto26.odb' is opened by 11640@HZ399412

[2024-04-24 08:28:42 #2 store] 
Configuration path: ?

[2024-04-24 08:28:43 #3 type] 
Type definicion.Usuario is not enhanced.

------------------------------------------------------------------------------------------------------------------------

[2024-04-24 08:29:34 #1 store] 
Database 'C:\Users\ik_1DW3A\eclipse-workspace\reto3\db\reto26.odb' is opened by 9580@HZ399412

[2024-04-24 08:29:34 #2 store] 
Configuration path: ?

[2024-04-24 08:29:34 #3 type] 
Type definicion.Usuario is not enhanced.

------------------------------------------------------------------------------------------------------------------------

[2024-04-24 08:32:41 #1 store] 
Database 'C:\Users\ik_1DW3A\eclipse-workspace\reto3\db\reto26.odb' is opened by 2356@HZ399412

[2024-04-24 08:32:41 #2 store] 
Configuration path: ?

[2024-04-24 08:32:41 #3 type] 
Type definicion.Usuario is not enhanced.

------------------------------------------------------------------------------------------------------------------------

[2024-04-24 08:42:10 #1 store] 
Database 'C:\Users\ik_1DW3A\eclipse-workspace\reto3\db\reto26.odb' is opened by 3552@HZ399412

[2024-04-24 08:42:10 #2 store] 
Configuration path: ?

[2024-04-24 08:42:10 #3 type] 
Type definicion.Usuario is not enhanced.

------------------------------------------------------------------------------------------------------------------------

[2024-04-24 09:05:03 #1 store] 
Database 'C:\Users\ik_1DW3A\eclipse-workspace\reto3\db\reto26.odb' is opened by 9548@HZ399412

[2024-04-24 09:05:03 #2 store] 
Configuration path: ?

[2024-04-24 09:05:03 #3 type] 
Type definicion.Usuario is not enhanced.

------------------------------------------------------------------------------------------------------------------------

[2024-04-24 09:26:44 #1 store] 
Database 'C:\Users\ik_1DW3A\eclipse-workspace\reto3\db\reto26.odb' is opened by 12460@HZ399412

[2024-04-24 09:26:44 #2 store] 
Configuration path: ?

[2024-04-24 09:26:44 #3 type] 
Type definicion.Usuario is not enhanced.

------------------------------------------------------------------------------------------------------------------------

[2024-04-24 09:33:35 #1 store] 
Database 'C:\Users\ik_1DW3A\eclipse-workspace\reto3\db\reto26.odb' is opened by 1648@HZ399412

[2024-04-24 09:33:35 #2 store] 
Configuration path: ?

[2024-04-24 09:33:35 #3 type] 
Type definicion.Usuario is not enhanced.

------------------------------------------------------------------------------------------------------------------------

[2024-04-24 09:34:40 #1 store] 
Database 'C:\Users\ik_1DW3A\eclipse-workspace\reto3\db\reto26.odb' is opened by 13196@HZ399412

[2024-04-24 09:34:40 #2 store] 
Configuration path: ?

[2024-04-24 09:34:40 #3 type] 
Type definicion.Usuario is not enhanced.

------------------------------------------------------------------------------------------------------------------------

[2024-04-24 09:36:08 #1 store] 
Database 'C:\Users\ik_1DW3A\eclipse-workspace\reto3\db\reto26.odb' is opened by 8028@HZ399412

[2024-04-24 09:36:08 #2 store] 
Configuration path: ?

[2024-04-24 09:36:08 #3 type] 
Type definicion.Usuario is not enhanced.

------------------------------------------------------------------------------------------------------------------------

[2024-04-24 09:38:33 #1 store] 
Database 'C:\Users\ik_1DW3A\eclipse-workspace\reto3\db\reto26.odb' is opened by 12540@HZ399412

[2024-04-24 09:38:33 #2 store] 
Configuration path: ?

[2024-04-24 09:38:34 #3 type] 
Type definicion.Usuario is not enhanced.

------------------------------------------------------------------------------------------------------------------------

[2024-04-24 09:49:27 #1 store] 
Database 'C:\Users\ik_1DW3A\eclipse-workspace\reto3\db\reto26.odb' is opened by 12500@HZ399412

[2024-04-24 09:49:27 #2 store] 
Configuration path: ?

[2024-04-24 09:49:27 #3 type] 
Type definicion.Usuario is not enhanced.

------------------------------------------------------------------------------------------------------------------------

[2024-04-24 09:55:29 #1 store] 
Database 'C:\Users\ik_1DW3A\eclipse-workspace\reto3\db\reto26.odb' is opened by 3476@HZ399412

[2024-04-24 09:55:29 #2 store] 
Configuration path: ?

[2024-04-24 09:55:29 #3 type] 
Type definicion.Usuario is not enhanced.

------------------------------------------------------------------------------------------------------------------------

[2024-04-24 09:58:39 #1 store] 
Database 'C:\Users\ik_1DW3A\eclipse-workspace\reto3\db\reto26.odb' is opened by 7652@HZ399412

[2024-04-24 09:58:39 #2 store] 
Configuration path: ?

[2024-04-24 09:58:39 #3 type] 
Type definicion.Usuario is not enhanced.

------------------------------------------------------------------------------------------------------------------------

[2024-04-24 10:00:11 #1 store] 
Database 'C:\Users\ik_1DW3A\eclipse-workspace\reto3\db\reto26.odb' is opened by 13104@HZ399412

[2024-04-24 10:00:11 #2 store] 
Configuration path: ?

[2024-04-24 10:00:11 #3 type] 
Type definicion.Usuario is not enhanced.

------------------------------------------------------------------------------------------------------------------------

[2024-04-24 10:10:19 #1 store] 
Database 'C:\Users\ik_1DW3A\eclipse-workspace\reto3\db\reto26.odb' is opened by 14216@HZ399412

[2024-04-24 10:10:19 #2 store] 
Configuration path: ?

[2024-04-24 10:10:19 #3 type] 
Type definicion.Usuario is not enhanced.

------------------------------------------------------------------------------------------------------------------------

[2024-04-24 10:17:57 #1 store] 
Database 'C:\Users\ik_1DW3A\eclipse-workspace\reto3\db\reto26.odb' is opened by 13256@HZ399412

[2024-04-24 10:17:57 #2 store] 
Configuration path: ?

[2024-04-24 10:17:57 #3 type] 
Type definicion.Usuario is not enhanced.

------------------------------------------------------------------------------------------------------------------------

[2024-04-24 10:19:46 #1 store] 
Database 'C:\Users\ik_1DW3A\eclipse-workspace\reto3\db\reto26.odb' is opened by 12792@HZ399412

[2024-04-24 10:19:46 #2 store] 
Configuration path: ?

[2024-04-24 10:19:47 #3 type] 
Type definicion.Usuario is not enhanced.

------------------------------------------------------------------------------------------------------------------------

[2024-04-24 10:25:40 #1 store] 
Database 'C:\Users\ik_1DW3A\eclipse-workspace\reto3\db\reto26.odb' is opened by 7040@HZ399412

[2024-04-24 10:25:40 #2 store] 
Configuration path: ?

[2024-04-24 10:25:40 #3 type] 
Type definicion.Usuario is not enhanced.

------------------------------------------------------------------------------------------------------------------------

[2024-04-24 10:25:55 #1 store] 
Database 'C:\Users\ik_1DW3A\eclipse-workspace\reto3\db\reto26.odb' is opened by 11252@HZ399412

[2024-04-24 10:25:55 #2 store] 
Configuration path: ?

[2024-04-24 10:25:55 #3 type] 
Type definicion.Usuario is not enhanced.

------------------------------------------------------------------------------------------------------------------------

[2024-04-24 11:38:18 #1 store] 
Database 'C:\Users\ik_1DW3A\eclipse-workspace\reto3\db\reto26.odb' is opened by 13080@HZ399412

[2024-04-24 11:38:18 #2 store] 
Configuration path: ?

[2024-04-24 11:38:19 #3 type] 
Type definicion.Usuario is not enhanced.

------------------------------------------------------------------------------------------------------------------------

[2024-04-24 11:47:19 #1 store] 
Database 'C:\Users\ik_1DW3A\eclipse-workspace\reto3\db\reto26.odb' is opened by 5856@HZ399412

[2024-04-24 11:47:19 #2 store] 
Configuration path: ?

[2024-04-24 11:47:19 #3 type] 
Type definicion.Usuario is not enhanced.

------------------------------------------------------------------------------------------------------------------------

[2024-04-24 11:49:14 #1 store] 
Database 'C:\Users\ik_1DW3A\eclipse-workspace\reto3\db\reto26.odb' is opened by 13612@HZ399412

[2024-04-24 11:49:14 #2 store] 
Configuration path: ?

[2024-04-24 11:49:14 #3 type] 
Type definicion.Usuario is not enhanced.

------------------------------------------------------------------------------------------------------------------------

[2024-04-24 11:53:57 #1 store] 
Database 'C:\Users\ik_1DW3A\eclipse-workspace\reto3\db\reto26.odb' is opened by 12852@HZ399412

[2024-04-24 11:53:57 #2 store] 
Configuration path: ?

[2024-04-24 11:53:57 #3 type] 
Type definicion.Usuario is not enhanced.

------------------------------------------------------------------------------------------------------------------------

[2024-04-24 12:16:51 #1 store] 
Database 'C:\Users\ik_1DW3A\eclipse-workspace\reto3\db\reto26.odb' is opened by 14860@HZ399412

[2024-04-24 12:16:51 #2 store] 
Configuration path: ?

[2024-04-24 12:16:52 #3 type] 
Type definicion.Usuario is not enhanced.

------------------------------------------------------------------------------------------------------------------------

[2024-04-24 12:19:31 #1 store] 
Database 'C:\Users\ik_1DW3A\eclipse-workspace\reto3\db\reto26.odb' is opened by 14120@HZ399412

[2024-04-24 12:19:31 #2 store] 
Configuration path: ?

[2024-04-24 12:19:31 #3 type] 
Type definicion.Usuario is not enhanced.

------------------------------------------------------------------------------------------------------------------------

[2024-04-24 12:33:59 #1 store] 
Database 'C:\Users\ik_1DW3A\eclipse-workspace\reto3\db\reto26.odb' is opened by 15052@HZ399412

[2024-04-24 12:33:59 #2 store] 
Configuration path: ?

[2024-04-24 12:33:59 #3 type] 
Type definicion.Usuario is not enhanced.

------------------------------------------------------------------------------------------------------------------------

[2024-04-24 12:39:09 #1 store] 
Database 'C:\Users\ik_1DW3A\eclipse-workspace\reto3\db\reto26.odb' is opened by 6432@HZ399412

[2024-04-24 12:39:09 #2 store] 
Configuration path: ?

[2024-04-24 12:39:09 #3 type] 
Type definicion.Usuario is not enhanced.

------------------------------------------------------------------------------------------------------------------------

[2024-04-24 12:41:10 #1 store] 
Database 'C:\Users\ik_1DW3A\eclipse-workspace\reto3\db\reto26.odb' is opened by 3288@HZ399412

[2024-04-24 12:41:10 #2 store] 
Configuration path: ?

[2024-04-24 12:41:11 #3 type] 
Type definicion.Usuario is not enhanced.

------------------------------------------------------------------------------------------------------------------------

[2024-04-24 12:45:21 #1 store] 
Database 'C:\Users\ik_1DW3A\eclipse-workspace\reto3\db\reto26.odb' is opened by 14868@HZ399412

[2024-04-24 12:45:21 #2 store] 
Configuration path: ?

[2024-04-24 12:45:21 #3 type] 
Type definicion.Usuario is not enhanced.

------------------------------------------------------------------------------------------------------------------------

[2024-04-24 12:46:24 #1 store] 
Database 'C:\Users\ik_1DW3A\eclipse-workspace\reto3\db\reto26.odb' is opened by 9996@HZ399412

[2024-04-24 12:46:24 #2 store] 
Configuration path: ?

[2024-04-24 12:46:24 #3 type] 
Type definicion.Usuario is not enhanced.

------------------------------------------------------------------------------------------------------------------------

[2024-04-24 12:47:20 #1 store] 
Database 'C:\Users\ik_1DW3A\eclipse-workspace\reto3\db\reto26.odb' is opened by 14332@HZ399412

[2024-04-24 12:47:20 #2 store] 
Configuration path: ?

[2024-04-24 12:47:20 #3 type] 
Type definicion.Usuario is not enhanced.

------------------------------------------------------------------------------------------------------------------------

[2024-04-24 12:47:38 #1 store] 
Database 'C:\Users\ik_1DW3A\eclipse-workspace\reto3\db\reto26.odb' is opened by 13112@HZ399412

[2024-04-24 12:47:38 #2 store] 
Configuration path: ?

[2024-04-24 12:47:38 #3 type] 
Type definicion.Usuario is not enhanced.

------------------------------------------------------------------------------------------------------------------------

[2024-04-24 12:52:04 #1 store] 
Database 'C:\Users\ik_1DW3A\eclipse-workspace\reto3\db\reto26.odb' is opened by 14572@HZ399412

[2024-04-24 12:52:04 #2 store] 
Configuration path: ?

[2024-04-24 12:52:04 #3 type] 
Type definicion.Usuario is not enhanced.

------------------------------------------------------------------------------------------------------------------------

[2024-04-24 13:53:20 #1 store] 
Database 'C:\Users\ik_1DW3A\eclipse-workspace\reto3\db\reto26.odb' is opened by 14428@HZ399412

[2024-04-24 13:53:20 #2 store] 
Configuration path: ?

[2024-04-24 13:53:20 #3 type] 
Type definicion.Usuario is not enhanced.

------------------------------------------------------------------------------------------------------------------------

[2024-04-24 13:55:25 #1 store] 
Database 'C:\Users\ik_1DW3A\eclipse-workspace\reto3\db\reto26.odb' is opened by 12792@HZ399412

[2024-04-24 13:55:25 #2 store] 
Configuration path: ?

[2024-04-24 13:55:25 #3 type] 
Type definicion.Usuario is not enhanced.

------------------------------------------------------------------------------------------------------------------------

[2024-04-24 13:58:37 #1 store] 
Database 'C:\Users\ik_1DW3A\eclipse-workspace\reto3\db\reto26.odb' is opened by 14372@HZ399412

[2024-04-24 13:58:37 #2 store] 
Configuration path: ?

[2024-04-24 13:58:37 #3 type] 
Type definicion.Usuario is not enhanced.

------------------------------------------------------------------------------------------------------------------------

[2024-04-24 14:10:36 #1 store] 
Database 'C:\Users\ik_1DW3A\eclipse-workspace\reto3\db\reto26.odb' is opened by 15308@HZ399412

[2024-04-24 14:10:36 #2 store] 
Configuration path: ?

[2024-04-24 14:10:36 #3 type] 
Type definicion.Usuario is not enhanced.

------------------------------------------------------------------------------------------------------------------------

[2024-04-24 14:13:05 #1 store] 
Database 'C:\Users\ik_1DW3A\eclipse-workspace\reto3\db\reto26.odb' is opened by 14928@HZ399412

[2024-04-24 14:13:05 #2 store] 
Configuration path: ?

[2024-04-24 14:13:05 #3 type] 
Type definicion.Usuario is not enhanced.

------------------------------------------------------------------------------------------------------------------------

[2024-04-24 14:15:46 #1 store] 
Database 'C:\Users\ik_1DW3A\eclipse-workspace\reto3\db\reto26.odb' is opened by 3732@HZ399412

[2024-04-24 14:15:46 #2 store] 
Configuration path: ?

[2024-04-24 14:15:46 #3 type] 
Type definicion.Usuario is not enhanced.

[2024-04-24 14:15:46 #4 store] 
Database 'C:\Users\ik_1DW3A\eclipse-workspace\reto3\db\reto26.odb' is closed by 3732@HZ399412

------------------------------------------------------------------------------------------------------------------------

[2024-04-24 14:16:17 #1 store] 
Database 'C:\Users\ik_1DW3A\eclipse-workspace\reto3\db\reto26.odb' is opened by 2116@HZ399412

[2024-04-24 14:16:17 #2 store] 
Configuration path: ?

[2024-04-24 14:16:17 #3 type] 
Type definicion.Usuario is not enhanced.

[2024-04-24 14:16:17 #4 store] 
Database 'C:\Users\ik_1DW3A\eclipse-workspace\reto3\db\reto26.odb' is closed by 2116@HZ399412

