------------------------------------------------------------------------------------------------------------------------

[2024-04-23 08:18:48 #1 store] 
Database 'C:\Users\ik_1DW3A\eclipse-workspace\reto3\db\reto26.odb' is opened by 5804@HZ399412

[2024-04-23 08:18:48 #2 store] 
Configuration path: ?

[2024-04-23 08:18:49 #3 type] 
Type definicion.Usuario is not enhanced.

------------------------------------------------------------------------------------------------------------------------

[2024-04-23 08:46:25 #1 store] 
Database 'C:\Users\ik_1DW3A\eclipse-workspace\reto3\db\reto26.odb' is opened by 720@HZ399412

[2024-04-23 08:46:25 #2 store] 
Configuration path: ?

[2024-04-23 08:46:25 #3 type] 
Type definicion.Usuario is not enhanced.

------------------------------------------------------------------------------------------------------------------------

[2024-04-23 08:48:40 #1 store] 
Database 'C:\Users\ik_1DW3A\eclipse-workspace\reto3\db\reto26.odb' is opened by 10524@HZ399412

[2024-04-23 08:48:40 #2 store] 
Configuration path: ?

[2024-04-23 08:48:40 #3 type] 
Type definicion.Usuario is not enhanced.

------------------------------------------------------------------------------------------------------------------------

[2024-04-23 08:50:18 #1 store] 
Database 'C:\Users\ik_1DW3A\eclipse-workspace\reto3\db\reto26.odb' is opened by 4892@HZ399412

[2024-04-23 08:50:18 #2 store] 
Configuration path: ?

[2024-04-23 08:50:18 #3 type] 
Type definicion.Usuario is not enhanced.

------------------------------------------------------------------------------------------------------------------------

[2024-04-23 09:06:35 #1 store] 
Database 'C:\Users\ik_1DW3A\eclipse-workspace\reto3\db\reto26.odb' is opened by 1060@HZ399412

[2024-04-23 09:06:35 #2 store] 
Configuration path: ?

[2024-04-23 09:06:36 #3 type] 
Type definicion.Usuario is not enhanced.

------------------------------------------------------------------------------------------------------------------------

[2024-04-23 09:23:31 #1 store] 
Database 'C:\Users\ik_1DW3A\eclipse-workspace\reto3\db\reto26.odb' is opened by 4076@HZ399412

[2024-04-23 09:23:31 #2 store] 
Configuration path: ?

[2024-04-23 09:23:31 #3 type] 
Type definicion.Usuario is not enhanced.

------------------------------------------------------------------------------------------------------------------------

[2024-04-23 09:24:57 #1 store] 
Database 'C:\Users\ik_1DW3A\eclipse-workspace\reto3\db\reto26.odb' is opened by 11912@HZ399412

[2024-04-23 09:24:57 #2 store] 
Configuration path: ?

[2024-04-23 09:24:57 #3 type] 
Type definicion.Usuario is not enhanced.

------------------------------------------------------------------------------------------------------------------------

[2024-04-23 09:27:08 #1 store] 
Database 'C:\Users\ik_1DW3A\eclipse-workspace\reto3\db\reto26.odb' is opened by 1604@HZ399412

[2024-04-23 09:27:08 #2 store] 
Configuration path: ?

[2024-04-23 09:27:08 #3 type] 
Type definicion.Usuario is not enhanced.

------------------------------------------------------------------------------------------------------------------------

[2024-04-23 09:28:09 #1 store] 
Database 'C:\Users\ik_1DW3A\eclipse-workspace\reto3\db\reto26.odb' has been recovered (tr. 30-30)

[2024-04-23 09:28:09 #2 store] 
Database 'C:\Users\ik_1DW3A\eclipse-workspace\reto3\db\reto26.odb' is opened by 3296@HZ399412

[2024-04-23 09:28:09 #3 store] 
Configuration path: ?

[2024-04-23 09:28:09 #4 type] 
Type definicion.Usuario is not enhanced.

[2024-04-23 09:28:10 #5 store] 
Database 'C:\Users\ik_1DW3A\eclipse-workspace\reto3\db\reto26.odb' is closed by 3296@HZ399412

[2024-04-23 09:28:12 #6 store] 
Database 'C:\Users\ik_1DW3A\eclipse-workspace\reto3\db\reto26.odb' is opened by 3296@HZ399412

[2024-04-23 09:28:12 #7 store] 
Configuration path: ?

------------------------------------------------------------------------------------------------------------------------

[2024-04-23 09:52:47 #1 store] 
Database 'C:\Users\ik_1DW3A\eclipse-workspace\reto3\db\reto26.odb' is opened by 8036@HZ399412

[2024-04-23 09:52:47 #2 store] 
Configuration path: ?

[2024-04-23 09:52:47 #3 type] 
Type definicion.Usuario is not enhanced.

[2024-04-23 09:52:47 #4 store] 
Database 'C:\Users\ik_1DW3A\eclipse-workspace\reto3\db\reto26.odb' is closed by 8036@HZ399412

------------------------------------------------------------------------------------------------------------------------

[2024-04-23 09:53:07 #1 store] 
Database 'C:\Users\ik_1DW3A\eclipse-workspace\reto3\db\reto26.odb' is opened by 3412@HZ399412

[2024-04-23 09:53:07 #2 store] 
Configuration path: ?

[2024-04-23 09:53:07 #3 type] 
Type definicion.Usuario is not enhanced.

[2024-04-23 09:53:07 #4 store] 
Database 'C:\Users\ik_1DW3A\eclipse-workspace\reto3\db\reto26.odb' is closed by 3412@HZ399412

------------------------------------------------------------------------------------------------------------------------

[2024-04-23 09:53:27 #1 store] 
Database 'C:\Users\ik_1DW3A\eclipse-workspace\reto3\db\reto26.odb' is opened by 12012@HZ399412

[2024-04-23 09:53:27 #2 store] 
Configuration path: ?

[2024-04-23 09:53:27 #3 type] 
Type definicion.Usuario is not enhanced.

[2024-04-23 09:53:27 #4 store] 
Database 'C:\Users\ik_1DW3A\eclipse-workspace\reto3\db\reto26.odb' is closed by 12012@HZ399412

------------------------------------------------------------------------------------------------------------------------

[2024-04-23 10:09:53 #1 store] 
Database 'C:\Users\ik_1DW3A\eclipse-workspace\reto3\db\reto26.odb' is opened by 1476@HZ399412

[2024-04-23 10:09:53 #2 store] 
Configuration path: ?

[2024-04-23 10:09:53 #3 type] 
Type definicion.Usuario is not enhanced.

[2024-04-23 10:09:53 #4 store] 
Database 'C:\Users\ik_1DW3A\eclipse-workspace\reto3\db\reto26.odb' is closed by 1476@HZ399412

------------------------------------------------------------------------------------------------------------------------

[2024-04-23 10:10:33 #1 store] 
Database 'C:\Users\ik_1DW3A\eclipse-workspace\reto3\db\reto26.odb' is opened by 9040@HZ399412

[2024-04-23 10:10:33 #2 store] 
Configuration path: ?

[2024-04-23 10:10:33 #3 type] 
Type definicion.Usuario is not enhanced.

------------------------------------------------------------------------------------------------------------------------

[2024-04-23 10:11:29 #1 store] 
Database 'C:\Users\ik_1DW3A\eclipse-workspace\reto3\db\reto26.odb' has been recovered (tr. 32-32)

[2024-04-23 10:11:29 #2 store] 
Database 'C:\Users\ik_1DW3A\eclipse-workspace\reto3\db\reto26.odb' is opened by 2896@HZ399412

[2024-04-23 10:11:29 #3 store] 
Configuration path: ?

[2024-04-23 10:11:29 #4 type] 
Type definicion.Usuario is not enhanced.

------------------------------------------------------------------------------------------------------------------------

[2024-04-23 10:12:13 #1 store] 
Database 'C:\Users\ik_1DW3A\eclipse-workspace\reto3\db\reto26.odb' is opened by 7364@HZ399412

[2024-04-23 10:12:13 #2 store] 
Configuration path: ?

[2024-04-23 10:12:13 #3 type] 
Type definicion.Usuario is not enhanced.

------------------------------------------------------------------------------------------------------------------------

[2024-04-23 10:15:01 #1 store] 
Database 'C:\Users\ik_1DW3A\eclipse-workspace\reto3\db\reto26.odb' is opened by 10728@HZ399412

[2024-04-23 10:15:01 #2 store] 
Configuration path: ?

[2024-04-23 10:15:01 #3 type] 
Type definicion.Usuario is not enhanced.

------------------------------------------------------------------------------------------------------------------------

[2024-04-23 10:17:44 #1 store] 
Database 'C:\Users\ik_1DW3A\eclipse-workspace\reto3\db\reto26.odb' is opened by 8804@HZ399412

[2024-04-23 10:17:44 #2 store] 
Configuration path: ?

[2024-04-23 10:17:44 #3 type] 
Type definicion.Usuario is not enhanced.

[2024-04-23 10:17:45 #4 store] 
Database 'C:\Users\ik_1DW3A\eclipse-workspace\reto3\db\reto26.odb' is closed by 8804@HZ399412

[2024-04-23 10:17:52 #5 store] 
Database 'C:\Users\ik_1DW3A\eclipse-workspace\reto3\db\reto26.odb' is opened by 8804@HZ399412

[2024-04-23 10:17:52 #6 store] 
Configuration path: ?

------------------------------------------------------------------------------------------------------------------------

[2024-04-23 10:20:22 #1 store] 
Database 'C:\Users\ik_1DW3A\eclipse-workspace\reto3\db\reto26.odb' is opened by 4000@HZ399412

[2024-04-23 10:20:22 #2 store] 
Configuration path: ?

[2024-04-23 10:20:22 #3 type] 
Type definicion.Usuario is not enhanced.

[2024-04-23 10:20:24 #4 store] 
Database 'C:\Users\ik_1DW3A\eclipse-workspace\reto3\db\reto26.odb' is closed by 4000@HZ399412

[2024-04-23 10:20:26 #5 store] 
Database 'C:\Users\ik_1DW3A\eclipse-workspace\reto3\db\reto26.odb' is opened by 4000@HZ399412

[2024-04-23 10:20:26 #6 store] 
Configuration path: ?

------------------------------------------------------------------------------------------------------------------------

[2024-04-23 10:21:13 #1 store] 
Database 'C:\Users\ik_1DW3A\eclipse-workspace\reto3\db\reto26.odb' is opened by 1172@HZ399412

[2024-04-23 10:21:13 #2 store] 
Configuration path: ?

[2024-04-23 10:21:13 #3 type] 
Type definicion.Usuario is not enhanced.

------------------------------------------------------------------------------------------------------------------------

[2024-04-23 10:21:45 #1 store] 
Database 'C:\Users\ik_1DW3A\eclipse-workspace\reto3\db\reto26.odb' is opened by 3132@HZ399412

[2024-04-23 10:21:45 #2 store] 
Configuration path: ?

[2024-04-23 10:21:45 #3 type] 
Type definicion.Usuario is not enhanced.

------------------------------------------------------------------------------------------------------------------------

[2024-04-23 10:35:41 #1 store] 
Database 'C:\Users\ik_1DW3A\eclipse-workspace\reto3\db\reto26.odb' is opened by 6980@HZ399412

[2024-04-23 10:35:41 #2 store] 
Configuration path: ?

[2024-04-23 10:35:41 #3 type] 
Type definicion.Usuario is not enhanced.

------------------------------------------------------------------------------------------------------------------------

[2024-04-23 10:37:06 #1 store] 
Database 'C:\Users\ik_1DW3A\eclipse-workspace\reto3\db\reto26.odb' is opened by 9036@HZ399412

[2024-04-23 10:37:06 #2 store] 
Configuration path: ?

[2024-04-23 10:37:06 #3 type] 
Type definicion.Usuario is not enhanced.

------------------------------------------------------------------------------------------------------------------------

[2024-04-23 10:43:43 #1 store] 
Database 'C:\Users\ik_1DW3A\eclipse-workspace\reto3\db\reto26.odb' has been recovered (tr. 57-64)

[2024-04-23 10:43:43 #2 store] 
Database 'C:\Users\ik_1DW3A\eclipse-workspace\reto3\db\reto26.odb' is opened by 10164@HZ399412

[2024-04-23 10:43:43 #3 store] 
Configuration path: ?

[2024-04-23 10:43:44 #4 type] 
Type definicion.Usuario is not enhanced.

------------------------------------------------------------------------------------------------------------------------

[2024-04-23 11:35:09 #1 store] 
Database 'C:\Users\ik_1DW3A\eclipse-workspace\reto3\db\reto26.odb' is opened by 2628@HZ399412

[2024-04-23 11:35:09 #2 store] 
Configuration path: ?

[2024-04-23 11:35:09 #3 type] 
Type definicion.Usuario is not enhanced.

------------------------------------------------------------------------------------------------------------------------

[2024-04-23 11:37:43 #1 store] 
Database 'C:\Users\ik_1DW3A\eclipse-workspace\reto3\db\reto26.odb' is opened by 11580@HZ399412

[2024-04-23 11:37:43 #2 store] 
Configuration path: ?

[2024-04-23 11:37:44 #3 type] 
Type definicion.Usuario is not enhanced.

------------------------------------------------------------------------------------------------------------------------

[2024-04-23 11:47:30 #1 store] 
Database 'C:\Users\ik_1DW3A\eclipse-workspace\reto3\db\reto26.odb' is opened by 3620@HZ399412

[2024-04-23 11:47:30 #2 store] 
Configuration path: ?

[2024-04-23 11:47:30 #3 type] 
Type definicion.Usuario is not enhanced.

------------------------------------------------------------------------------------------------------------------------

[2024-04-23 11:49:02 #1 store] 
Database 'C:\Users\ik_1DW3A\eclipse-workspace\reto3\db\reto26.odb' is opened by 6728@HZ399412

[2024-04-23 11:49:02 #2 store] 
Configuration path: ?

[2024-04-23 11:49:02 #3 type] 
Type definicion.Usuario is not enhanced.

------------------------------------------------------------------------------------------------------------------------

[2024-04-23 12:02:37 #1 store] 
Database 'C:\Users\ik_1DW3A\eclipse-workspace\reto3\db\reto26.odb' is opened by 9076@HZ399412

[2024-04-23 12:02:37 #2 store] 
Configuration path: ?

[2024-04-23 12:02:37 #3 type] 
Type definicion.Usuario is not enhanced.

------------------------------------------------------------------------------------------------------------------------

[2024-04-23 12:16:10 #1 store] 
Database 'C:\Users\ik_1DW3A\eclipse-workspace\reto3\db\reto26.odb' is opened by 8684@HZ399412

[2024-04-23 12:16:10 #2 store] 
Configuration path: ?

[2024-04-23 12:16:10 #3 type] 
Type definicion.Usuario is not enhanced.

[2024-04-23 12:16:10 #4 store] 
Database 'C:\Users\ik_1DW3A\eclipse-workspace\reto3\db\reto26.odb' is closed by 8684@HZ399412

------------------------------------------------------------------------------------------------------------------------

[2024-04-23 12:16:18 #1 store] 
Database 'C:\Users\ik_1DW3A\eclipse-workspace\reto3\db\reto26.odb' is opened by 13176@HZ399412

[2024-04-23 12:16:18 #2 store] 
Configuration path: ?

[2024-04-23 12:16:18 #3 type] 
Type definicion.Usuario is not enhanced.

------------------------------------------------------------------------------------------------------------------------

[2024-04-23 12:17:00 #1 store] 
Database 'C:\Users\ik_1DW3A\eclipse-workspace\reto3\db\reto26.odb' is opened by 8072@HZ399412

[2024-04-23 12:17:00 #2 store] 
Configuration path: ?

[2024-04-23 12:17:00 #3 type] 
Type definicion.Usuario is not enhanced.

[2024-04-23 12:17:00 #4 store] 
Database 'C:\Users\ik_1DW3A\eclipse-workspace\reto3\db\reto26.odb' is closed by 8072@HZ399412

------------------------------------------------------------------------------------------------------------------------

[2024-04-23 12:17:21 #1 store] 
Database 'C:\Users\ik_1DW3A\eclipse-workspace\reto3\db\reto26.odb' is opened by 1252@HZ399412

[2024-04-23 12:17:21 #2 store] 
Configuration path: ?

[2024-04-23 12:17:22 #3 type] 
Type definicion.Usuario is not enhanced.

[2024-04-23 12:17:22 #4 store] 
Database 'C:\Users\ik_1DW3A\eclipse-workspace\reto3\db\reto26.odb' is closed by 1252@HZ399412

------------------------------------------------------------------------------------------------------------------------

[2024-04-23 12:17:39 #1 store] 
Database 'C:\Users\ik_1DW3A\eclipse-workspace\reto3\db\reto26.odb' is opened by 4900@HZ399412

[2024-04-23 12:17:39 #2 store] 
Configuration path: ?

[2024-04-23 12:17:39 #3 type] 
Type definicion.Usuario is not enhanced.

------------------------------------------------------------------------------------------------------------------------

[2024-04-23 12:22:29 #1 store] 
Database 'C:\Users\ik_1DW3A\eclipse-workspace\reto3\db\reto26.odb' is opened by 6632@HZ399412

[2024-04-23 12:22:29 #2 store] 
Configuration path: ?

[2024-04-23 12:22:29 #3 type] 
Type definicion.Usuario is not enhanced.

------------------------------------------------------------------------------------------------------------------------

[2024-04-23 12:23:28 #1 store] 
Database 'C:\Users\ik_1DW3A\eclipse-workspace\reto3\db\reto26.odb' is opened by 13492@HZ399412

[2024-04-23 12:23:28 #2 store] 
Configuration path: ?

[2024-04-23 12:23:28 #3 type] 
Type definicion.Usuario is not enhanced.

------------------------------------------------------------------------------------------------------------------------

[2024-04-23 12:27:15 #1 store] 
Database 'C:\Users\ik_1DW3A\eclipse-workspace\reto3\db\reto26.odb' is opened by 2332@HZ399412

[2024-04-23 12:27:15 #2 store] 
Configuration path: ?

[2024-04-23 12:27:15 #3 type] 
Type definicion.Usuario is not enhanced.

------------------------------------------------------------------------------------------------------------------------

[2024-04-23 12:41:17 #1 store] 
Database 'C:\Users\ik_1DW3A\eclipse-workspace\reto3\db\reto26.odb' is opened by 13812@HZ399412

[2024-04-23 12:41:17 #2 store] 
Configuration path: ?

[2024-04-23 12:41:17 #3 type] 
Type definicion.Usuario is not enhanced.

------------------------------------------------------------------------------------------------------------------------

[2024-04-23 12:42:17 #1 store] 
Database 'C:\Users\ik_1DW3A\eclipse-workspace\reto3\db\reto26.odb' is opened by 13432@HZ399412

[2024-04-23 12:42:17 #2 store] 
Configuration path: ?

[2024-04-23 12:42:17 #3 type] 
Type definicion.Usuario is not enhanced.

------------------------------------------------------------------------------------------------------------------------

[2024-04-23 12:46:00 #1 store] 
Database 'C:\Users\ik_1DW3A\eclipse-workspace\reto3\db\reto26.odb' is opened by 8640@HZ399412

[2024-04-23 12:46:00 #2 store] 
Configuration path: ?

[2024-04-23 12:46:01 #3 type] 
Type definicion.Usuario is not enhanced.

------------------------------------------------------------------------------------------------------------------------

[2024-04-23 12:51:13 #1 store] 
Database 'C:\Users\ik_1DW3A\eclipse-workspace\reto3\db\reto26.odb' is opened by 14280@HZ399412

[2024-04-23 12:51:13 #2 store] 
Configuration path: ?

[2024-04-23 12:51:13 #3 type] 
Type definicion.Usuario is not enhanced.

------------------------------------------------------------------------------------------------------------------------

[2024-04-23 12:56:10 #1 store] 
Database 'C:\Users\ik_1DW3A\eclipse-workspace\reto3\db\reto26.odb' is opened by 13180@HZ399412

[2024-04-23 12:56:10 #2 store] 
Configuration path: ?

[2024-04-23 12:56:10 #3 type] 
Type definicion.Usuario is not enhanced.

------------------------------------------------------------------------------------------------------------------------

[2024-04-23 12:57:27 #1 store] 
Database 'C:\Users\ik_1DW3A\eclipse-workspace\reto3\db\reto26.odb' is opened by 13368@HZ399412

[2024-04-23 12:57:27 #2 store] 
Configuration path: ?

[2024-04-23 12:57:27 #3 type] 
Type definicion.Usuario is not enhanced.

------------------------------------------------------------------------------------------------------------------------

[2024-04-23 12:58:11 #1 store] 
Database 'C:\Users\ik_1DW3A\eclipse-workspace\reto3\db\reto26.odb' is opened by 13668@HZ399412

[2024-04-23 12:58:11 #2 store] 
Configuration path: ?

[2024-04-23 12:58:11 #3 type] 
Type definicion.Usuario is not enhanced.

------------------------------------------------------------------------------------------------------------------------

[2024-04-23 12:59:44 #1 store] 
Database 'C:\Users\ik_1DW3A\eclipse-workspace\reto3\db\reto26.odb' is opened by 14284@HZ399412

[2024-04-23 12:59:44 #2 store] 
Configuration path: ?

[2024-04-23 12:59:44 #3 type] 
Type definicion.Usuario is not enhanced.

------------------------------------------------------------------------------------------------------------------------

[2024-04-23 13:00:44 #1 store] 
Database 'C:\Users\ik_1DW3A\eclipse-workspace\reto3\db\reto26.odb' is opened by 15176@HZ399412

[2024-04-23 13:00:44 #2 store] 
Configuration path: ?

[2024-04-23 13:00:44 #3 type] 
Type definicion.Usuario is not enhanced.

------------------------------------------------------------------------------------------------------------------------

[2024-04-23 13:01:22 #1 store] 
Database 'C:\Users\ik_1DW3A\eclipse-workspace\reto3\db\reto26.odb' is opened by 12760@HZ399412

[2024-04-23 13:01:22 #2 store] 
Configuration path: ?

[2024-04-23 13:01:22 #3 type] 
Type definicion.Usuario is not enhanced.

------------------------------------------------------------------------------------------------------------------------

[2024-04-23 13:03:03 #1 store] 
Database 'C:\Users\ik_1DW3A\eclipse-workspace\reto3\db\reto26.odb' is opened by 3456@HZ399412

[2024-04-23 13:03:03 #2 store] 
Configuration path: ?

[2024-04-23 13:03:03 #3 type] 
Type definicion.Usuario is not enhanced.

------------------------------------------------------------------------------------------------------------------------

[2024-04-23 13:12:22 #1 store] 
Database 'C:\Users\ik_1DW3A\eclipse-workspace\reto3\db\reto26.odb' is opened by 14376@HZ399412

[2024-04-23 13:12:22 #2 store] 
Configuration path: ?

[2024-04-23 13:12:22 #3 type] 
Type definicion.Usuario is not enhanced.

------------------------------------------------------------------------------------------------------------------------

[2024-04-23 13:13:08 #1 store] 
Database 'C:\Users\ik_1DW3A\eclipse-workspace\reto3\db\reto26.odb' is opened by 14008@HZ399412

[2024-04-23 13:13:08 #2 store] 
Configuration path: ?

[2024-04-23 13:13:08 #3 type] 
Type definicion.Usuario is not enhanced.

------------------------------------------------------------------------------------------------------------------------

[2024-04-23 13:14:35 #1 store] 
Database 'C:\Users\ik_1DW3A\eclipse-workspace\reto3\db\reto26.odb' is opened by 4616@HZ399412

[2024-04-23 13:14:35 #2 store] 
Configuration path: ?

[2024-04-23 13:14:35 #3 type] 
Type definicion.Usuario is not enhanced.

------------------------------------------------------------------------------------------------------------------------

[2024-04-23 13:15:49 #1 store] 
Database 'C:\Users\ik_1DW3A\eclipse-workspace\reto3\db\reto26.odb' is opened by 15168@HZ399412

[2024-04-23 13:15:49 #2 store] 
Configuration path: ?

[2024-04-23 13:15:49 #3 type] 
Type definicion.Usuario is not enhanced.

------------------------------------------------------------------------------------------------------------------------

[2024-04-23 13:19:06 #1 store] 
Database 'C:\Users\ik_1DW3A\eclipse-workspace\reto3\db\reto26.odb' is opened by 13164@HZ399412

[2024-04-23 13:19:06 #2 store] 
Configuration path: ?

[2024-04-23 13:19:06 #3 type] 
Type definicion.Usuario is not enhanced.

------------------------------------------------------------------------------------------------------------------------

[2024-04-23 13:39:43 #1 store] 
Database 'C:\Users\ik_1DW3A\eclipse-workspace\reto3\db\reto26.odb' is opened by 10288@HZ399412

[2024-04-23 13:39:43 #2 store] 
Configuration path: ?

[2024-04-23 13:39:43 #3 type] 
Type definicion.Usuario is not enhanced.

------------------------------------------------------------------------------------------------------------------------

[2024-04-23 13:40:23 #1 store] 
Database 'C:\Users\ik_1DW3A\eclipse-workspace\reto3\db\reto26.odb' is opened by 12568@HZ399412

[2024-04-23 13:40:23 #2 store] 
Configuration path: ?

[2024-04-23 13:40:23 #3 type] 
Type definicion.Usuario is not enhanced.

------------------------------------------------------------------------------------------------------------------------

[2024-04-23 13:57:55 #1 store] 
Database 'C:\Users\ik_1DW3A\eclipse-workspace\reto3\db\reto26.odb' is opened by 4352@HZ399412

[2024-04-23 13:57:55 #2 store] 
Configuration path: ?

[2024-04-23 13:57:55 #3 type] 
Type definicion.Usuario is not enhanced.

