------------------------------------------------------------------------------------------------------------------------

[2024-04-25 10:09:32 #1 store] 
Database 'C:\Users\ik_1DW3A\eclipse-workspace\reto3\db\reto26.odb' is opened by 13124@HZ399412

[2024-04-25 10:09:32 #2 store] 
Configuration path: ?

[2024-04-25 10:09:32 #3 type] 
Type definicion.Usuario is not enhanced.

------------------------------------------------------------------------------------------------------------------------

[2024-04-25 10:11:04 #1 store] 
Database 'C:\Users\ik_1DW3A\eclipse-workspace\reto3\db\reto26.odb' is opened by 5440@HZ399412

[2024-04-25 10:11:04 #2 store] 
Configuration path: ?

[2024-04-25 10:11:04 #3 type] 
Type definicion.Usuario is not enhanced.

------------------------------------------------------------------------------------------------------------------------

[2024-04-25 10:11:28 #1 store] 
Database 'C:\Users\ik_1DW3A\eclipse-workspace\reto3\db\reto26.odb' is opened by 13308@HZ399412

[2024-04-25 10:11:28 #2 store] 
Configuration path: ?

[2024-04-25 10:11:28 #3 type] 
Type definicion.Usuario is not enhanced.

------------------------------------------------------------------------------------------------------------------------

[2024-04-25 10:12:37 #1 store] 
Database 'C:\Users\ik_1DW3A\eclipse-workspace\reto3\db\reto26.odb' is opened by 9816@HZ399412

[2024-04-25 10:12:37 #2 store] 
Configuration path: ?

[2024-04-25 10:12:37 #3 type] 
Type definicion.Usuario is not enhanced.

------------------------------------------------------------------------------------------------------------------------

[2024-04-25 10:18:50 #1 store] 
Database 'C:\Users\ik_1DW3A\eclipse-workspace\reto3\db\reto26.odb' is opened by 3988@HZ399412

[2024-04-25 10:18:50 #2 store] 
Configuration path: ?

[2024-04-25 10:18:50 #3 type] 
Type definicion.Usuario is not enhanced.

------------------------------------------------------------------------------------------------------------------------

[2024-04-25 10:20:27 #1 store] 
Database 'C:\Users\ik_1DW3A\eclipse-workspace\reto3\db\reto26.odb' is opened by 3856@HZ399412

[2024-04-25 10:20:27 #2 store] 
Configuration path: ?

[2024-04-25 10:20:27 #3 type] 
Type definicion.Usuario is not enhanced.

------------------------------------------------------------------------------------------------------------------------

[2024-04-25 10:21:26 #1 store] 
Database 'C:\Users\ik_1DW3A\eclipse-workspace\reto3\db\reto26.odb' is opened by 1860@HZ399412

[2024-04-25 10:21:26 #2 store] 
Configuration path: ?

[2024-04-25 10:21:26 #3 type] 
Type definicion.Usuario is not enhanced.

------------------------------------------------------------------------------------------------------------------------

[2024-04-25 10:42:18 #1 store] 
Database 'C:\Users\ik_1DW3A\eclipse-workspace\reto3\db\reto26.odb' is opened by 7140@HZ399412

[2024-04-25 10:42:18 #2 store] 
Configuration path: ?

[2024-04-25 10:42:18 #3 type] 
Type definicion.Usuario is not enhanced.

------------------------------------------------------------------------------------------------------------------------

[2024-04-25 11:46:46 #1 store] 
Database 'C:\Users\ik_1DW3A\eclipse-workspace\reto3\db\reto26.odb' is opened by 8592@HZ399412

[2024-04-25 11:46:46 #2 store] 
Configuration path: ?

[2024-04-25 11:46:46 #3 type] 
Type definicion.Usuario is not enhanced.

------------------------------------------------------------------------------------------------------------------------

[2024-04-25 11:47:15 #1 store] 
Database 'C:\Users\ik_1DW3A\eclipse-workspace\reto3\db\reto26.odb' is opened by 6596@HZ399412

[2024-04-25 11:47:15 #2 store] 
Configuration path: ?

[2024-04-25 11:47:15 #3 type] 
Type definicion.Usuario is not enhanced.

------------------------------------------------------------------------------------------------------------------------

[2024-04-25 11:48:53 #1 store] 
Database 'C:\Users\ik_1DW3A\eclipse-workspace\reto3\db\reto26.odb' is opened by 10948@HZ399412

[2024-04-25 11:48:53 #2 store] 
Configuration path: ?

[2024-04-25 11:48:53 #3 type] 
Type definicion.Usuario is not enhanced.

------------------------------------------------------------------------------------------------------------------------

[2024-04-25 11:52:49 #1 store] 
Database 'C:\Users\ik_1DW3A\eclipse-workspace\reto3\db\reto26.odb' is opened by 3708@HZ399412

[2024-04-25 11:52:49 #2 store] 
Configuration path: ?

[2024-04-25 11:52:49 #3 type] 
Type definicion.Usuario is not enhanced.

------------------------------------------------------------------------------------------------------------------------

[2024-04-25 11:55:02 #1 store] 
Database 'C:\Users\ik_1DW3A\eclipse-workspace\reto3\db\reto26.odb' is opened by 14160@HZ399412

[2024-04-25 11:55:02 #2 store] 
Configuration path: ?

[2024-04-25 11:55:02 #3 type] 
Type definicion.Usuario is not enhanced.

------------------------------------------------------------------------------------------------------------------------

[2024-04-25 11:58:12 #1 store] 
Database 'C:\Users\ik_1DW3A\eclipse-workspace\reto3\db\reto26.odb' is opened by 12024@HZ399412

[2024-04-25 11:58:12 #2 store] 
Configuration path: ?

[2024-04-25 11:58:12 #3 type] 
Type definicion.Usuario is not enhanced.

------------------------------------------------------------------------------------------------------------------------

[2024-04-25 12:07:49 #1 store] 
Database 'C:\Users\ik_1DW3A\eclipse-workspace\reto3\db\reto26.odb' is opened by 13456@HZ399412

[2024-04-25 12:07:49 #2 store] 
Configuration path: ?

[2024-04-25 12:07:49 #3 type] 
Type definicion.Usuario is not enhanced.

------------------------------------------------------------------------------------------------------------------------

[2024-04-25 12:10:57 #1 store] 
Database 'C:\Users\ik_1DW3A\eclipse-workspace\reto3\db\reto26.odb' is opened by 13000@HZ399412

[2024-04-25 12:10:57 #2 store] 
Configuration path: ?

[2024-04-25 12:10:57 #3 type] 
Type definicion.Usuario is not enhanced.

------------------------------------------------------------------------------------------------------------------------

[2024-04-25 12:13:31 #1 store] 
Database 'C:\Users\ik_1DW3A\eclipse-workspace\reto3\db\reto26.odb' is opened by 12932@HZ399412

[2024-04-25 12:13:31 #2 store] 
Configuration path: ?

[2024-04-25 12:13:31 #3 type] 
Type definicion.Usuario is not enhanced.

------------------------------------------------------------------------------------------------------------------------

[2024-04-25 12:49:43 #1 store] 
Database 'C:\Users\ik_1DW3A\eclipse-workspace\reto3\db\reto26.odb' is opened by 2272@HZ399412

[2024-04-25 12:49:43 #2 store] 
Configuration path: ?

[2024-04-25 12:49:43 #3 type] 
Type definicion.Usuario is not enhanced.

------------------------------------------------------------------------------------------------------------------------

[2024-04-25 13:05:30 #1 store] 
Database 'C:\Users\ik_1DW3A\eclipse-workspace\reto3\db\reto26.odb' is opened by 11112@HZ399412

[2024-04-25 13:05:30 #2 store] 
Configuration path: ?

[2024-04-25 13:05:30 #3 type] 
Type definicion.Usuario is not enhanced.

------------------------------------------------------------------------------------------------------------------------

[2024-04-25 13:07:09 #1 store] 
Database 'C:\Users\ik_1DW3A\eclipse-workspace\reto3\db\reto26.odb' is opened by 10536@HZ399412

[2024-04-25 13:07:09 #2 store] 
Configuration path: ?

[2024-04-25 13:07:10 #3 type] 
Type definicion.Usuario is not enhanced.

------------------------------------------------------------------------------------------------------------------------

[2024-04-25 13:25:58 #1 store] 
Database 'C:\Users\ik_1DW3A\eclipse-workspace\reto3\db\reto26.odb' is opened by 13752@HZ399412

[2024-04-25 13:25:58 #2 store] 
Configuration path: ?

[2024-04-25 13:25:58 #3 type] 
Type definicion.Usuario is not enhanced.

------------------------------------------------------------------------------------------------------------------------

[2024-04-25 13:37:50 #1 store] 
Database 'C:\Users\ik_1DW3A\eclipse-workspace\reto3\db\reto26.odb' is opened by 8560@HZ399412

[2024-04-25 13:37:50 #2 store] 
Configuration path: ?

[2024-04-25 13:37:50 #3 type] 
Type definicion.Usuario is not enhanced.

