------------------------------------------------------------------------------------------------------------------------

[2024-04-29 08:58:34 #1 store] 
Database 'C:\Users\ik_1DW3A\eclipse-workspace\reto3\db\reto26.odb' is opened by 8480@HZ399412

[2024-04-29 08:58:34 #2 store] 
Configuration path: ?

[2024-04-29 08:58:34 #3 type] 
Type definicion.Usuario is not enhanced.

------------------------------------------------------------------------------------------------------------------------

[2024-04-29 09:08:45 #1 store] 
Database 'C:\Users\ik_1DW3A\eclipse-workspace\reto3\db\reto26.odb' is opened by 3336@HZ399412

[2024-04-29 09:08:45 #2 store] 
Configuration path: ?

[2024-04-29 09:08:45 #3 type] 
Type definicion.Usuario is not enhanced.

------------------------------------------------------------------------------------------------------------------------

[2024-04-29 09:10:29 #1 store] 
Database 'C:\Users\ik_1DW3A\eclipse-workspace\reto3\db\reto26.odb' is opened by 3304@HZ399412

[2024-04-29 09:10:29 #2 store] 
Configuration path: ?

[2024-04-29 09:10:29 #3 type] 
Type definicion.Usuario is not enhanced.

------------------------------------------------------------------------------------------------------------------------

[2024-04-29 09:11:38 #1 store] 
Database 'C:\Users\ik_1DW3A\eclipse-workspace\reto3\db\reto26.odb' is opened by 11684@HZ399412

[2024-04-29 09:11:38 #2 store] 
Configuration path: ?

[2024-04-29 09:11:38 #3 type] 
Type definicion.Usuario is not enhanced.

------------------------------------------------------------------------------------------------------------------------

[2024-04-29 09:11:50 #1 store] 
Database 'C:\Users\ik_1DW3A\eclipse-workspace\reto3\db\reto26.odb' is opened by 7548@HZ399412

[2024-04-29 09:11:50 #2 store] 
Configuration path: ?

[2024-04-29 09:11:50 #3 type] 
Type definicion.Usuario is not enhanced.

------------------------------------------------------------------------------------------------------------------------

[2024-04-29 09:13:40 #1 store] 
Database 'C:\Users\ik_1DW3A\eclipse-workspace\reto3\db\reto26.odb' is opened by 11372@HZ399412

[2024-04-29 09:13:40 #2 store] 
Configuration path: ?

[2024-04-29 09:13:40 #3 type] 
Type definicion.Usuario is not enhanced.

------------------------------------------------------------------------------------------------------------------------

[2024-04-29 09:14:33 #1 store] 
Database 'C:\Users\ik_1DW3A\eclipse-workspace\reto3\db\reto26.odb' is opened by 11108@HZ399412

[2024-04-29 09:14:33 #2 store] 
Configuration path: ?

[2024-04-29 09:14:33 #3 type] 
Type definicion.Usuario is not enhanced.

------------------------------------------------------------------------------------------------------------------------

[2024-04-29 09:14:38 #1 store] 
Database 'C:\Users\ik_1DW3A\eclipse-workspace\reto3\db\reto26.odb' is opened by 8564@HZ399412

[2024-04-29 09:14:38 #2 store] 
Configuration path: ?

[2024-04-29 09:14:38 #3 type] 
Type definicion.Usuario is not enhanced.

------------------------------------------------------------------------------------------------------------------------

[2024-04-29 09:15:03 #1 store] 
Database 'C:\Users\ik_1DW3A\eclipse-workspace\reto3\db\reto26.odb' is opened by 7592@HZ399412

[2024-04-29 09:15:03 #2 store] 
Configuration path: ?

[2024-04-29 09:15:04 #3 type] 
Type definicion.Usuario is not enhanced.

------------------------------------------------------------------------------------------------------------------------

[2024-04-29 09:15:28 #1 store] 
Database 'C:\Users\ik_1DW3A\eclipse-workspace\reto3\db\reto26.odb' is opened by 8436@HZ399412

[2024-04-29 09:15:28 #2 store] 
Configuration path: ?

[2024-04-29 09:15:29 #3 type] 
Type definicion.Usuario is not enhanced.

------------------------------------------------------------------------------------------------------------------------

[2024-04-29 09:19:34 #1 store] 
Database 'C:\Users\ik_1DW3A\eclipse-workspace\reto3\db\reto26.odb' is opened by 5252@HZ399412

[2024-04-29 09:19:34 #2 store] 
Configuration path: ?

[2024-04-29 09:19:34 #3 type] 
Type definicion.Usuario is not enhanced.

------------------------------------------------------------------------------------------------------------------------

[2024-04-29 09:20:07 #1 store] 
Database 'C:\Users\ik_1DW3A\eclipse-workspace\reto3\db\reto26.odb' is opened by 11488@HZ399412

[2024-04-29 09:20:07 #2 store] 
Configuration path: ?

[2024-04-29 09:20:07 #3 type] 
Type definicion.Usuario is not enhanced.

------------------------------------------------------------------------------------------------------------------------

[2024-04-29 09:22:25 #1 store] 
Database 'C:\Users\ik_1DW3A\eclipse-workspace\reto3\db\reto26.odb' is opened by 264@HZ399412

[2024-04-29 09:22:25 #2 store] 
Configuration path: ?

[2024-04-29 09:22:25 #3 type] 
Type definicion.Usuario is not enhanced.

------------------------------------------------------------------------------------------------------------------------

[2024-04-29 09:23:05 #1 store] 
Database 'C:\Users\ik_1DW3A\eclipse-workspace\reto3\db\reto26.odb' is opened by 6620@HZ399412

[2024-04-29 09:23:05 #2 store] 
Configuration path: ?

[2024-04-29 09:23:05 #3 type] 
Type definicion.Usuario is not enhanced.

------------------------------------------------------------------------------------------------------------------------

[2024-04-29 09:23:38 #1 store] 
Database 'C:\Users\ik_1DW3A\eclipse-workspace\reto3\db\reto26.odb' is opened by 9580@HZ399412

[2024-04-29 09:23:38 #2 store] 
Configuration path: ?

[2024-04-29 09:23:39 #3 type] 
Type definicion.Usuario is not enhanced.

------------------------------------------------------------------------------------------------------------------------

[2024-04-29 09:47:55 #1 store] 
Database 'C:\Users\ik_1DW3A\eclipse-workspace\reto3\db\reto26.odb' is opened by 12300@HZ399412

[2024-04-29 09:47:55 #2 store] 
Configuration path: ?

[2024-04-29 09:47:55 #3 type] 
Type definicion.Usuario is not enhanced.

------------------------------------------------------------------------------------------------------------------------

[2024-04-29 09:48:46 #1 store] 
Database 'C:\Users\ik_1DW3A\eclipse-workspace\reto3\db\reto26.odb' is opened by 10804@HZ399412

[2024-04-29 09:48:46 #2 store] 
Configuration path: ?

[2024-04-29 09:48:46 #3 type] 
Type definicion.Usuario is not enhanced.

------------------------------------------------------------------------------------------------------------------------

[2024-04-29 09:57:29 #1 store] 
Database 'C:\Users\ik_1DW3A\eclipse-workspace\reto3\db\reto26.odb' is opened by 6592@HZ399412

[2024-04-29 09:57:29 #2 store] 
Configuration path: ?

[2024-04-29 09:57:29 #3 type] 
Type definicion.Usuario is not enhanced.

------------------------------------------------------------------------------------------------------------------------

[2024-04-29 10:01:21 #1 store] 
Database 'C:\Users\ik_1DW3A\eclipse-workspace\reto3\db\reto26.odb' is opened by 5492@HZ399412

[2024-04-29 10:01:21 #2 store] 
Configuration path: ?

[2024-04-29 10:01:21 #3 type] 
Type definicion.Usuario is not enhanced.

------------------------------------------------------------------------------------------------------------------------

[2024-04-29 10:11:44 #1 store] 
Database 'C:\Users\ik_1DW3A\eclipse-workspace\reto3\db\reto26.odb' is opened by 13356@HZ399412

[2024-04-29 10:11:44 #2 store] 
Configuration path: ?

[2024-04-29 10:11:44 #3 type] 
Type definicion.Usuario is not enhanced.

------------------------------------------------------------------------------------------------------------------------

[2024-04-29 10:24:40 #1 store] 
Database 'C:\Users\ik_1DW3A\eclipse-workspace\reto3\db\reto26.odb' is opened by 12808@HZ399412

[2024-04-29 10:24:40 #2 store] 
Configuration path: ?

[2024-04-29 10:24:40 #3 type] 
Type definicion.Usuario is not enhanced.

------------------------------------------------------------------------------------------------------------------------

[2024-04-29 11:43:14 #1 store] 
Database 'C:\Users\ik_1DW3A\eclipse-workspace\reto3\db\reto26.odb' is opened by 12972@HZ399412

[2024-04-29 11:43:14 #2 store] 
Configuration path: ?

[2024-04-29 11:43:14 #3 type] 
Type definicion.Usuario is not enhanced.

------------------------------------------------------------------------------------------------------------------------

[2024-04-29 11:55:27 #1 store] 
Database 'C:\Users\ik_1DW3A\eclipse-workspace\reto3\db\reto26.odb' is opened by 6628@HZ399412

[2024-04-29 11:55:27 #2 store] 
Configuration path: ?

[2024-04-29 11:55:27 #3 type] 
Type definicion.Usuario is not enhanced.

------------------------------------------------------------------------------------------------------------------------

[2024-04-29 11:56:39 #1 store] 
Database 'C:\Users\ik_1DW3A\eclipse-workspace\reto3\db\reto26.odb' is opened by 4840@HZ399412

[2024-04-29 11:56:39 #2 store] 
Configuration path: ?

[2024-04-29 11:56:39 #3 type] 
Type definicion.Usuario is not enhanced.

------------------------------------------------------------------------------------------------------------------------

[2024-04-29 11:57:58 #1 store] 
Database 'C:\Users\ik_1DW3A\eclipse-workspace\reto3\db\reto26.odb' is opened by 8888@HZ399412

[2024-04-29 11:57:58 #2 store] 
Configuration path: ?

[2024-04-29 11:57:59 #3 type] 
Type definicion.Usuario is not enhanced.

------------------------------------------------------------------------------------------------------------------------

[2024-04-29 11:58:42 #1 store] 
Database 'C:\Users\ik_1DW3A\eclipse-workspace\reto3\db\reto26.odb' is opened by 3828@HZ399412

[2024-04-29 11:58:42 #2 store] 
Configuration path: ?

[2024-04-29 11:58:42 #3 type] 
Type definicion.Usuario is not enhanced.

------------------------------------------------------------------------------------------------------------------------

[2024-04-29 12:07:43 #1 store] 
Database 'C:\Users\ik_1DW3A\eclipse-workspace\reto3\db\reto26.odb' is opened by 3756@HZ399412

[2024-04-29 12:07:43 #2 store] 
Configuration path: ?

[2024-04-29 12:07:43 #3 type] 
Type definicion.Usuario is not enhanced.

------------------------------------------------------------------------------------------------------------------------

[2024-04-29 12:09:29 #1 store] 
Database 'C:\Users\ik_1DW3A\eclipse-workspace\reto3\db\reto26.odb' is opened by 1084@HZ399412

[2024-04-29 12:09:29 #2 store] 
Configuration path: ?

[2024-04-29 12:09:29 #3 type] 
Type definicion.Usuario is not enhanced.

------------------------------------------------------------------------------------------------------------------------

[2024-04-29 13:50:35 #1 store] 
Database 'C:\Users\ik_1DW3A\eclipse-workspace\reto3\db\reto26.odb' is opened by 11508@HZ399412

[2024-04-29 13:50:35 #2 store] 
Configuration path: ?

[2024-04-29 13:50:35 #3 type] 
Type definicion.Usuario is not enhanced.

------------------------------------------------------------------------------------------------------------------------

[2024-04-29 13:51:58 #1 store] 
Database 'C:\Users\ik_1DW3A\eclipse-workspace\reto3\db\reto26.odb' is opened by 1076@HZ399412

[2024-04-29 13:51:58 #2 store] 
Configuration path: ?

[2024-04-29 13:51:58 #3 type] 
Type definicion.Usuario is not enhanced.

------------------------------------------------------------------------------------------------------------------------

[2024-04-29 13:54:17 #1 store] 
Database 'C:\Users\ik_1DW3A\eclipse-workspace\reto3\db\reto26.odb' is opened by 6852@HZ399412

[2024-04-29 13:54:17 #2 store] 
Configuration path: ?

[2024-04-29 13:54:17 #3 type] 
Type definicion.Usuario is not enhanced.

------------------------------------------------------------------------------------------------------------------------

[2024-04-29 13:56:35 #1 store] 
Database 'C:\Users\ik_1DW3A\eclipse-workspace\reto3\db\reto26.odb' is opened by 13048@HZ399412

[2024-04-29 13:56:35 #2 store] 
Configuration path: ?

[2024-04-29 13:56:35 #3 type] 
Type definicion.Usuario is not enhanced.

------------------------------------------------------------------------------------------------------------------------

[2024-04-29 13:57:24 #1 store] 
Database 'C:\Users\ik_1DW3A\eclipse-workspace\reto3\db\reto26.odb' is opened by 13460@HZ399412

[2024-04-29 13:57:24 #2 store] 
Configuration path: ?

[2024-04-29 13:57:24 #3 type] 
Type definicion.Usuario is not enhanced.

------------------------------------------------------------------------------------------------------------------------

[2024-04-29 14:00:31 #1 store] 
Database 'C:\Users\ik_1DW3A\eclipse-workspace\reto3\db\reto26.odb' is opened by 3024@HZ399412

[2024-04-29 14:00:31 #2 store] 
Configuration path: ?

[2024-04-29 14:00:31 #3 type] 
Type definicion.Usuario is not enhanced.

------------------------------------------------------------------------------------------------------------------------

[2024-04-29 14:01:11 #1 store] 
Database 'C:\Users\ik_1DW3A\eclipse-workspace\reto3\db\reto26.odb' is opened by 12592@HZ399412

[2024-04-29 14:01:11 #2 store] 
Configuration path: ?

[2024-04-29 14:01:11 #3 type] 
Type definicion.Usuario is not enhanced.

------------------------------------------------------------------------------------------------------------------------

[2024-04-29 14:02:38 #1 store] 
Database 'C:\Users\ik_1DW3A\eclipse-workspace\reto3\db\reto26.odb' is opened by 11296@HZ399412

[2024-04-29 14:02:38 #2 store] 
Configuration path: ?

[2024-04-29 14:02:38 #3 type] 
Type definicion.Usuario is not enhanced.

