------------------------------------------------------------------------------------------------------------------------

[2024-04-22 13:15:12 #1 store] 
Database 'C:\Users\ik_1DW3A\eclipse-workspace\reto3\db\reto26.odb' is opened by 2976@HZ399412

[2024-04-22 13:15:12 #2 store] 
Configuration path: ?

[2024-04-22 13:15:12 #3 type] 
Type definicion.Usuario is not enhanced.

------------------------------------------------------------------------------------------------------------------------

[2024-04-22 13:17:59 #1 store] 
Database 'C:\Users\ik_1DW3A\eclipse-workspace\reto3\db\reto26.odb' is opened by 1104@HZ399412

[2024-04-22 13:17:59 #2 store] 
Configuration path: ?

[2024-04-22 13:17:59 #3 type] 
Type definicion.Usuario is not enhanced.

------------------------------------------------------------------------------------------------------------------------

[2024-04-22 13:18:40 #1 store] 
Database 'C:\Users\ik_1DW3A\eclipse-workspace\reto3\db\reto26.odb' is opened by 13776@HZ399412

[2024-04-22 13:18:40 #2 store] 
Configuration path: ?

[2024-04-22 13:18:40 #3 type] 
Type definicion.Usuario is not enhanced.

------------------------------------------------------------------------------------------------------------------------

[2024-04-22 13:20:04 #1 store] 
Database 'C:\Users\ik_1DW3A\eclipse-workspace\reto3\db\reto26.odb' is opened by 14896@HZ399412

[2024-04-22 13:20:04 #2 store] 
Configuration path: ?

[2024-04-22 13:20:04 #3 type] 
Type definicion.Usuario is not enhanced.

------------------------------------------------------------------------------------------------------------------------

[2024-04-22 13:21:35 #1 store] 
Database 'C:\Users\ik_1DW3A\eclipse-workspace\reto3\db\reto26.odb' is opened by 7484@HZ399412

[2024-04-22 13:21:35 #2 store] 
Configuration path: ?

[2024-04-22 13:21:35 #3 type] 
Type definicion.Usuario is not enhanced.

------------------------------------------------------------------------------------------------------------------------

[2024-04-22 13:21:51 #1 store] 
Database 'C:\Users\ik_1DW3A\eclipse-workspace\reto3\db\reto26.odb' has been recovered (tr. 18-20)

[2024-04-22 13:21:51 #2 store] 
Database 'C:\Users\ik_1DW3A\eclipse-workspace\reto3\db\reto26.odb' is opened by 1596@HZ399412

[2024-04-22 13:21:51 #3 store] 
Configuration path: ?

[2024-04-22 13:21:51 #4 type] 
Type definicion.Usuario is not enhanced.

------------------------------------------------------------------------------------------------------------------------

[2024-04-22 13:22:42 #1 store] 
Database 'C:\Users\ik_1DW3A\eclipse-workspace\reto3\db\reto26.odb' is opened by 14448@HZ399412

[2024-04-22 13:22:42 #2 store] 
Configuration path: ?

[2024-04-22 13:22:42 #3 type] 
Type definicion.Usuario is not enhanced.

------------------------------------------------------------------------------------------------------------------------

[2024-04-22 13:23:57 #1 store] 
Database 'C:\Users\ik_1DW3A\eclipse-workspace\reto3\db\reto26.odb' is opened by 14884@HZ399412

[2024-04-22 13:23:57 #2 store] 
Configuration path: ?

[2024-04-22 13:23:57 #3 type] 
Type definicion.Usuario is not enhanced.

