------------------------------------------------------------------------------------------------------------------------

[2024-04-30 08:35:38 #1 store] 
Database 'C:\Users\ik_1DW3A\eclipse-workspace\reto3\db\reto26.odb' is opened by 13088@HZ399412

[2024-04-30 08:35:38 #2 store] 
Configuration path: ?

[2024-04-30 08:35:38 #3 type] 
Type definicion.Usuario is not enhanced.

------------------------------------------------------------------------------------------------------------------------

[2024-04-30 08:37:11 #1 store] 
Database 'C:\Users\ik_1DW3A\eclipse-workspace\reto3\db\reto26.odb' is opened by 632@HZ399412

[2024-04-30 08:37:11 #2 store] 
Configuration path: ?

[2024-04-30 08:37:11 #3 type] 
Type definicion.Usuario is not enhanced.

------------------------------------------------------------------------------------------------------------------------

[2024-04-30 08:38:48 #1 store] 
Database 'C:\Users\ik_1DW3A\eclipse-workspace\reto3\db\reto26.odb' is opened by 13024@HZ399412

[2024-04-30 08:38:48 #2 store] 
Configuration path: ?

[2024-04-30 08:38:49 #3 type] 
Type definicion.Usuario is not enhanced.

------------------------------------------------------------------------------------------------------------------------

[2024-04-30 08:55:40 #1 store] 
Database 'C:\Users\ik_1DW3A\eclipse-workspace\reto3\db\reto26.odb' is opened by 12984@HZ399412

[2024-04-30 08:55:40 #2 store] 
Configuration path: ?

[2024-04-30 08:55:40 #3 type] 
Type definicion.Usuario is not enhanced.

------------------------------------------------------------------------------------------------------------------------

[2024-04-30 08:59:02 #1 store] 
Database 'C:\Users\ik_1DW3A\eclipse-workspace\reto3\db\reto26.odb' is opened by 3400@HZ399412

[2024-04-30 08:59:02 #2 store] 
Configuration path: ?

[2024-04-30 08:59:02 #3 type] 
Type definicion.Usuario is not enhanced.

------------------------------------------------------------------------------------------------------------------------

[2024-04-30 09:01:21 #1 store] 
Database 'C:\Users\ik_1DW3A\eclipse-workspace\reto3\db\reto26.odb' is opened by 492@HZ399412

[2024-04-30 09:01:21 #2 store] 
Configuration path: ?

[2024-04-30 09:01:21 #3 type] 
Type definicion.Usuario is not enhanced.

------------------------------------------------------------------------------------------------------------------------

[2024-04-30 09:01:51 #1 store] 
Database 'C:\Users\ik_1DW3A\eclipse-workspace\reto3\db\reto26.odb' is opened by 10080@HZ399412

[2024-04-30 09:01:51 #2 store] 
Configuration path: ?

[2024-04-30 09:01:51 #3 type] 
Type definicion.Usuario is not enhanced.

------------------------------------------------------------------------------------------------------------------------

[2024-04-30 09:04:29 #1 store] 
Database 'C:\Users\ik_1DW3A\eclipse-workspace\reto3\db\reto26.odb' is opened by 7992@HZ399412

[2024-04-30 09:04:29 #2 store] 
Configuration path: ?

[2024-04-30 09:04:29 #3 type] 
Type definicion.Usuario is not enhanced.

------------------------------------------------------------------------------------------------------------------------

[2024-04-30 09:04:46 #1 store] 
Database 'C:\Users\ik_1DW3A\eclipse-workspace\reto3\db\reto26.odb' is opened by 5680@HZ399412

[2024-04-30 09:04:46 #2 store] 
Configuration path: ?

[2024-04-30 09:04:46 #3 type] 
Type definicion.Usuario is not enhanced.

------------------------------------------------------------------------------------------------------------------------

[2024-04-30 09:10:56 #1 store] 
Database 'C:\Users\ik_1DW3A\eclipse-workspace\reto3\db\reto26.odb' is opened by 5168@HZ399412

[2024-04-30 09:10:56 #2 store] 
Configuration path: ?

[2024-04-30 09:10:56 #3 type] 
Type definicion.Usuario is not enhanced.

------------------------------------------------------------------------------------------------------------------------

[2024-04-30 09:11:46 #1 store] 
Database 'C:\Users\ik_1DW3A\eclipse-workspace\reto3\db\reto26.odb' is opened by 12876@HZ399412

[2024-04-30 09:11:46 #2 store] 
Configuration path: ?

[2024-04-30 09:11:46 #3 type] 
Type definicion.Usuario is not enhanced.

------------------------------------------------------------------------------------------------------------------------

[2024-04-30 09:13:40 #1 store] 
Database 'C:\Users\ik_1DW3A\eclipse-workspace\reto3\db\reto26.odb' is opened by 8568@HZ399412

[2024-04-30 09:13:40 #2 store] 
Configuration path: ?

[2024-04-30 09:13:40 #3 type] 
Type definicion.Usuario is not enhanced.

------------------------------------------------------------------------------------------------------------------------

[2024-04-30 09:16:13 #1 store] 
Database 'C:\Users\ik_1DW3A\eclipse-workspace\reto3\db\reto26.odb' is opened by 2336@HZ399412

[2024-04-30 09:16:13 #2 store] 
Configuration path: ?

[2024-04-30 09:16:13 #3 type] 
Type definicion.Usuario is not enhanced.

------------------------------------------------------------------------------------------------------------------------

[2024-04-30 09:17:18 #1 store] 
Database 'C:\Users\ik_1DW3A\eclipse-workspace\reto3\db\reto26.odb' is opened by 3556@HZ399412

[2024-04-30 09:17:18 #2 store] 
Configuration path: ?

[2024-04-30 09:17:18 #3 type] 
Type definicion.Usuario is not enhanced.

------------------------------------------------------------------------------------------------------------------------

[2024-04-30 09:21:10 #1 store] 
Database 'C:\Users\ik_1DW3A\eclipse-workspace\reto3\db\reto26.odb' is opened by 10364@HZ399412

[2024-04-30 09:21:10 #2 store] 
Configuration path: ?

[2024-04-30 09:21:10 #3 type] 
Type definicion.Usuario is not enhanced.

------------------------------------------------------------------------------------------------------------------------

[2024-04-30 09:22:17 #1 store] 
Database 'C:\Users\ik_1DW3A\eclipse-workspace\reto3\db\reto26.odb' is opened by 9040@HZ399412

[2024-04-30 09:22:17 #2 store] 
Configuration path: ?

[2024-04-30 09:22:17 #3 type] 
Type definicion.Usuario is not enhanced.

------------------------------------------------------------------------------------------------------------------------

[2024-04-30 09:24:16 #1 store] 
Database 'C:\Users\ik_1DW3A\eclipse-workspace\reto3\db\reto26.odb' is opened by 2184@HZ399412

[2024-04-30 09:24:16 #2 store] 
Configuration path: ?

[2024-04-30 09:24:16 #3 type] 
Type definicion.Usuario is not enhanced.

------------------------------------------------------------------------------------------------------------------------

[2024-04-30 09:25:40 #1 store] 
Database 'C:\Users\ik_1DW3A\eclipse-workspace\reto3\db\reto26.odb' is opened by 5068@HZ399412

[2024-04-30 09:25:40 #2 store] 
Configuration path: ?

[2024-04-30 09:25:40 #3 type] 
Type definicion.Usuario is not enhanced.

------------------------------------------------------------------------------------------------------------------------

[2024-04-30 09:28:49 #1 store] 
Database 'C:\Users\ik_1DW3A\eclipse-workspace\reto3\db\reto26.odb' is opened by 976@HZ399412

[2024-04-30 09:28:49 #2 store] 
Configuration path: ?

[2024-04-30 09:28:49 #3 type] 
Type definicion.Usuario is not enhanced.

------------------------------------------------------------------------------------------------------------------------

[2024-04-30 09:32:45 #1 store] 
Database 'C:\Users\ik_1DW3A\eclipse-workspace\reto3\db\reto26.odb' is opened by 1196@HZ399412

[2024-04-30 09:32:45 #2 store] 
Configuration path: ?

[2024-04-30 09:32:45 #3 type] 
Type definicion.Usuario is not enhanced.

------------------------------------------------------------------------------------------------------------------------

[2024-04-30 09:37:08 #1 store] 
Database 'C:\Users\ik_1DW3A\eclipse-workspace\reto3\db\reto26.odb' is opened by 5496@HZ399412

[2024-04-30 09:37:08 #2 store] 
Configuration path: ?

[2024-04-30 09:37:08 #3 type] 
Type definicion.Usuario is not enhanced.

------------------------------------------------------------------------------------------------------------------------

[2024-04-30 09:37:31 #1 store] 
Database 'C:\Users\ik_1DW3A\eclipse-workspace\reto3\db\reto26.odb' is opened by 1596@HZ399412

[2024-04-30 09:37:31 #2 store] 
Configuration path: ?

[2024-04-30 09:37:31 #3 type] 
Type definicion.Usuario is not enhanced.

------------------------------------------------------------------------------------------------------------------------

[2024-04-30 09:39:48 #1 store] 
Database 'C:\Users\ik_1DW3A\eclipse-workspace\reto3\db\reto26.odb' is opened by 2720@HZ399412

[2024-04-30 09:39:48 #2 store] 
Configuration path: ?

[2024-04-30 09:39:48 #3 type] 
Type definicion.Usuario is not enhanced.

------------------------------------------------------------------------------------------------------------------------

[2024-04-30 10:06:21 #1 store] 
Database 'C:\Users\ik_1DW3A\eclipse-workspace\reto3\db\reto26.odb' is opened by 12852@HZ399412

[2024-04-30 10:06:21 #2 store] 
Configuration path: ?

[2024-04-30 10:06:21 #3 type] 
Type definicion.Usuario is not enhanced.

------------------------------------------------------------------------------------------------------------------------

[2024-04-30 10:32:09 #1 store] 
Database 'C:\Users\ik_1DW3A\eclipse-workspace\reto3\db\reto26.odb' is opened by 8588@HZ399412

[2024-04-30 10:32:09 #2 store] 
Configuration path: ?

[2024-04-30 10:32:09 #3 type] 
Type definicion.Usuario is not enhanced.

------------------------------------------------------------------------------------------------------------------------

[2024-04-30 10:45:02 #1 store] 
Database 'C:\Users\ik_1DW3A\eclipse-workspace\reto3\db\reto26.odb' is opened by 13456@HZ399412

[2024-04-30 10:45:02 #2 store] 
Configuration path: ?

[2024-04-30 10:45:02 #3 type] 
Type definicion.Usuario is not enhanced.

------------------------------------------------------------------------------------------------------------------------

[2024-04-30 12:24:31 #1 store] 
Database 'C:\Users\ik_1DW3A\eclipse-workspace\reto3\db\reto26.odb' is opened by 2856@HZ399412

[2024-04-30 12:24:31 #2 store] 
Configuration path: ?

[2024-04-30 12:24:31 #3 type] 
Type definicion.Usuario is not enhanced.

------------------------------------------------------------------------------------------------------------------------

[2024-04-30 12:27:12 #1 store] 
Database 'C:\Users\ik_1DW3A\eclipse-workspace\reto3\db\reto26.odb' is opened by 2184@HZ399412

[2024-04-30 12:27:12 #2 store] 
Configuration path: ?

[2024-04-30 12:27:12 #3 type] 
Type definicion.Usuario is not enhanced.

------------------------------------------------------------------------------------------------------------------------

[2024-04-30 12:39:47 #1 store] 
Database 'C:\Users\ik_1DW3A\eclipse-workspace\reto3\db\reto26.odb' is opened by 11304@HZ399412

[2024-04-30 12:39:47 #2 store] 
Configuration path: ?

[2024-04-30 12:39:47 #3 type] 
Type definicion.Usuario is not enhanced.

